<?xml version="1.0" encoding="UTF-8"?>
<testng-results skipped="0" failed="7" total="22" passed="15">
  <reporter-output>
  </reporter-output>
  <suite name="testList" duration-ms="326898" started-at="2015-12-23T18:10:49Z" finished-at="2015-12-23T18:16:15Z">
    <groups>
    </groups>
    <test name="myTest" duration-ms="326898" started-at="2015-12-23T18:10:49Z" finished-at="2015-12-23T18:16:15Z">
      <class name="test.java.NativeExe">
        <test-method status="PASS" signature="BeforeSuite()[pri:0, instance:test.java.NativeExe@28864e92]" name="BeforeSuite" is-config="true" duration-ms="15" started-at="2015-12-23T13:10:49Z" finished-at="2015-12-23T13:10:49Z">
          <reporter-output>
          </reporter-output>
        </test-method> <!-- BeforeSuite -->
        <test-method status="PASS" signature="testDevices(java.lang.String, java.lang.String, java.lang.String, java.lang.String, java.lang.String)[pri:0, instance:test.java.NativeExe@28864e92]" name="testDevices" duration-ms="130833" started-at="2015-12-23T13:10:49Z" data-provider="Devices" finished-at="2015-12-23T13:12:59Z">
          <params>
            <param index="0">
              <value>
                <![CDATA[ios]]>
              </value>
            </param>
            <param index="1">
              <value>
                <![CDATA[com.bloomfire.enterprise.perfecto]]>
              </value>
            </param>
            <param index="2">
              <value>
                <![CDATA[61F28E0775D8B0B57388E72D176AFE91A6248B39]]>
              </value>
            </param>
            <param index="3">
              <value is-null="true"/>
            </param>
            <param index="4">
              <value>
                <![CDATA[PUBLIC:PMcommunity\perfecto-enterprise-2.11(20151117.1).ipa]]>
              </value>
            </param>
          </params>
          <reporter-output>
          </reporter-output>
        </test-method> <!-- testDevices -->
        <test-method status="FAIL" signature="testDevices(java.lang.String, java.lang.String, java.lang.String, java.lang.String, java.lang.String)[pri:0, instance:test.java.NativeExe@28864e92]" name="testDevices" duration-ms="58826" started-at="2015-12-23T13:10:49Z" data-provider="Devices" finished-at="2015-12-23T13:11:47Z">
          <params>
            <param index="0">
              <value>
                <![CDATA[ios]]>
              </value>
            </param>
            <param index="1">
              <value>
                <![CDATA[com.bloomfire.enterprise.perfecto]]>
              </value>
            </param>
            <param index="2">
              <value>
                <![CDATA[B187DA890752D02463279FCA08C63390A76B33DA]]>
              </value>
            </param>
            <param index="3">
              <value is-null="true"/>
            </param>
            <param index="4">
              <value>
                <![CDATA[PUBLIC:PMcommunity\perfecto-enterprise-2.11(20151117.1).ipa]]>
              </value>
            </param>
          </params>
          <exception class="java.lang.AssertionError">
            <message>
              <![CDATA[Test Ended with error]]>
            </message>
            <full-stacktrace>
              <![CDATA[java.lang.AssertionError: Test Ended with error
	at org.testng.Assert.fail(Assert.java:94)
	at test.java.NativeExe.testDevices(NativeExe.java:134)
	at sun.reflect.NativeMethodAccessorImpl.invoke0(Native Method)
	at sun.reflect.NativeMethodAccessorImpl.invoke(NativeMethodAccessorImpl.java:62)
	at sun.reflect.DelegatingMethodAccessorImpl.invoke(DelegatingMethodAccessorImpl.java:43)
	at java.lang.reflect.Method.invoke(Method.java:497)
	at org.testng.internal.MethodInvocationHelper.invokeMethod(MethodInvocationHelper.java:84)
	at org.testng.internal.Invoker.invokeMethod(Invoker.java:714)
	at org.testng.internal.Invoker.invokeTestMethod(Invoker.java:901)
	at org.testng.internal.TestMethodWithDataProviderMethodWorker.call(TestMethodWithDataProviderMethodWorker.java:73)
	at org.testng.internal.TestMethodWithDataProviderMethodWorker.call(TestMethodWithDataProviderMethodWorker.java:14)
	at java.util.concurrent.FutureTask.run(FutureTask.java:266)
	at java.util.concurrent.Executors$RunnableAdapter.call(Executors.java:511)
	at java.util.concurrent.FutureTask.run(FutureTask.java:266)
	at java.util.concurrent.ThreadPoolExecutor.runWorker(ThreadPoolExecutor.java:1142)
	at java.util.concurrent.ThreadPoolExecutor$Worker.run(ThreadPoolExecutor.java:617)
	at java.lang.Thread.run(Thread.java:745)
]]>
            </full-stacktrace>
          </exception> <!-- java.lang.AssertionError -->
          <reporter-output>
          </reporter-output>
        </test-method> <!-- testDevices -->
        <test-method status="FAIL" signature="testDevices(java.lang.String, java.lang.String, java.lang.String, java.lang.String, java.lang.String)[pri:0, instance:test.java.NativeExe@28864e92]" name="testDevices" duration-ms="58544" started-at="2015-12-23T13:10:49Z" data-provider="Devices" finished-at="2015-12-23T13:11:47Z">
          <params>
            <param index="0">
              <value>
                <![CDATA[ios]]>
              </value>
            </param>
            <param index="1">
              <value>
                <![CDATA[com.bloomfire.enterprise.perfecto]]>
              </value>
            </param>
            <param index="2">
              <value>
                <![CDATA[2FC00D086052C606D2D57EA757B7450A216D3832]]>
              </value>
            </param>
            <param index="3">
              <value is-null="true"/>
            </param>
            <param index="4">
              <value>
                <![CDATA[PUBLIC:PMcommunity\perfecto-enterprise-2.11(20151117.1).ipa]]>
              </value>
            </param>
          </params>
          <exception class="java.lang.AssertionError">
            <message>
              <![CDATA[Test Ended with error]]>
            </message>
            <full-stacktrace>
              <![CDATA[java.lang.AssertionError: Test Ended with error
	at org.testng.Assert.fail(Assert.java:94)
	at test.java.NativeExe.testDevices(NativeExe.java:134)
	at sun.reflect.NativeMethodAccessorImpl.invoke0(Native Method)
	at sun.reflect.NativeMethodAccessorImpl.invoke(NativeMethodAccessorImpl.java:62)
	at sun.reflect.DelegatingMethodAccessorImpl.invoke(DelegatingMethodAccessorImpl.java:43)
	at java.lang.reflect.Method.invoke(Method.java:497)
	at org.testng.internal.MethodInvocationHelper.invokeMethod(MethodInvocationHelper.java:84)
	at org.testng.internal.Invoker.invokeMethod(Invoker.java:714)
	at org.testng.internal.Invoker.invokeTestMethod(Invoker.java:901)
	at org.testng.internal.TestMethodWithDataProviderMethodWorker.call(TestMethodWithDataProviderMethodWorker.java:73)
	at org.testng.internal.TestMethodWithDataProviderMethodWorker.call(TestMethodWithDataProviderMethodWorker.java:14)
	at java.util.concurrent.FutureTask.run(FutureTask.java:266)
	at java.util.concurrent.Executors$RunnableAdapter.call(Executors.java:511)
	at java.util.concurrent.FutureTask.run(FutureTask.java:266)
	at java.util.concurrent.ThreadPoolExecutor.runWorker(ThreadPoolExecutor.java:1142)
	at java.util.concurrent.ThreadPoolExecutor$Worker.run(ThreadPoolExecutor.java:617)
	at java.lang.Thread.run(Thread.java:745)
]]>
            </full-stacktrace>
          </exception> <!-- java.lang.AssertionError -->
          <reporter-output>
          </reporter-output>
        </test-method> <!-- testDevices -->
        <test-method status="PASS" signature="testDevices(java.lang.String, java.lang.String, java.lang.String, java.lang.String, java.lang.String)[pri:0, instance:test.java.NativeExe@28864e92]" name="testDevices" duration-ms="68137" started-at="2015-12-23T13:10:49Z" data-provider="Devices" finished-at="2015-12-23T13:11:57Z">
          <params>
            <param index="0">
              <value>
                <![CDATA[Android]]>
              </value>
            </param>
            <param index="1">
              <value>
                <![CDATA[com.bloomfire.android.perfecto]]>
              </value>
            </param>
            <param index="2">
              <value>
                <![CDATA[897864D5]]>
              </value>
            </param>
            <param index="3">
              <value is-null="true"/>
            </param>
            <param index="4">
              <value>
                <![CDATA[PUBLIC:PMcommunity\Bloomfire-perfecto-release.apk]]>
              </value>
            </param>
          </params>
          <reporter-output>
          </reporter-output>
        </test-method> <!-- testDevices -->
        <test-method status="PASS" signature="testDevices(java.lang.String, java.lang.String, java.lang.String, java.lang.String, java.lang.String)[pri:0, instance:test.java.NativeExe@28864e92]" name="testDevices" duration-ms="62614" started-at="2015-12-23T13:10:49Z" data-provider="Devices" finished-at="2015-12-23T13:11:51Z">
          <params>
            <param index="0">
              <value>
                <![CDATA[Android]]>
              </value>
            </param>
            <param index="1">
              <value>
                <![CDATA[com.bloomfire.android.perfecto]]>
              </value>
            </param>
            <param index="2">
              <value>
                <![CDATA[1ACB3A0F]]>
              </value>
            </param>
            <param index="3">
              <value is-null="true"/>
            </param>
            <param index="4">
              <value>
                <![CDATA[PUBLIC:PMcommunity\Bloomfire-perfecto-release.apk]]>
              </value>
            </param>
          </params>
          <reporter-output>
          </reporter-output>
        </test-method> <!-- testDevices -->
        <test-method status="PASS" signature="testDevices(java.lang.String, java.lang.String, java.lang.String, java.lang.String, java.lang.String)[pri:0, instance:test.java.NativeExe@28864e92]" name="testDevices" duration-ms="129057" started-at="2015-12-23T13:10:49Z" data-provider="Devices" finished-at="2015-12-23T13:12:58Z">
          <params>
            <param index="0">
              <value>
                <![CDATA[ios]]>
              </value>
            </param>
            <param index="1">
              <value>
                <![CDATA[com.bloomfire.enterprise.perfecto]]>
              </value>
            </param>
            <param index="2">
              <value>
                <![CDATA[769BCE321F14DCF504614AB737BEE6F865E15AA4]]>
              </value>
            </param>
            <param index="3">
              <value is-null="true"/>
            </param>
            <param index="4">
              <value>
                <![CDATA[PUBLIC:PMcommunity\perfecto-enterprise-2.11(20151117.1).ipa]]>
              </value>
            </param>
          </params>
          <reporter-output>
          </reporter-output>
        </test-method> <!-- testDevices -->
        <test-method status="PASS" signature="testDevices(java.lang.String, java.lang.String, java.lang.String, java.lang.String, java.lang.String)[pri:0, instance:test.java.NativeExe@28864e92]" name="testDevices" duration-ms="79221" started-at="2015-12-23T13:10:49Z" data-provider="Devices" finished-at="2015-12-23T13:12:08Z">
          <params>
            <param index="0">
              <value>
                <![CDATA[Android]]>
              </value>
            </param>
            <param index="1">
              <value>
                <![CDATA[com.bloomfire.android.perfecto]]>
              </value>
            </param>
            <param index="2">
              <value>
                <![CDATA[3050BE36]]>
              </value>
            </param>
            <param index="3">
              <value is-null="true"/>
            </param>
            <param index="4">
              <value>
                <![CDATA[PUBLIC:PMcommunity\Bloomfire-perfecto-release.apk]]>
              </value>
            </param>
          </params>
          <reporter-output>
          </reporter-output>
        </test-method> <!-- testDevices -->
        <test-method status="PASS" signature="testDevices(java.lang.String, java.lang.String, java.lang.String, java.lang.String, java.lang.String)[pri:0, instance:test.java.NativeExe@28864e92]" name="testDevices" duration-ms="57654" started-at="2015-12-23T13:10:49Z" data-provider="Devices" finished-at="2015-12-23T13:11:46Z">
          <params>
            <param index="0">
              <value>
                <![CDATA[Android]]>
              </value>
            </param>
            <param index="1">
              <value>
                <![CDATA[com.bloomfire.android.perfecto]]>
              </value>
            </param>
            <param index="2">
              <value>
                <![CDATA[B5DED881]]>
              </value>
            </param>
            <param index="3">
              <value is-null="true"/>
            </param>
            <param index="4">
              <value>
                <![CDATA[PUBLIC:PMcommunity\Bloomfire-perfecto-release.apk]]>
              </value>
            </param>
          </params>
          <reporter-output>
          </reporter-output>
        </test-method> <!-- testDevices -->
        <test-method status="FAIL" signature="testDevices(java.lang.String, java.lang.String, java.lang.String, java.lang.String, java.lang.String)[pri:0, instance:test.java.NativeExe@28864e92]" name="testDevices" duration-ms="63273" started-at="2015-12-23T13:10:49Z" data-provider="Devices" finished-at="2015-12-23T13:11:52Z">
          <params>
            <param index="0">
              <value>
                <![CDATA[ios]]>
              </value>
            </param>
            <param index="1">
              <value>
                <![CDATA[com.bloomfire.enterprise.perfecto]]>
              </value>
            </param>
            <param index="2">
              <value>
                <![CDATA[DD992AFA0B69A5E2C2006A7A657690476B0086FE]]>
              </value>
            </param>
            <param index="3">
              <value is-null="true"/>
            </param>
            <param index="4">
              <value>
                <![CDATA[PUBLIC:PMcommunity\perfecto-enterprise-2.11(20151117.1).ipa]]>
              </value>
            </param>
          </params>
          <exception class="java.lang.AssertionError">
            <message>
              <![CDATA[Test Ended with error]]>
            </message>
            <full-stacktrace>
              <![CDATA[java.lang.AssertionError: Test Ended with error
	at org.testng.Assert.fail(Assert.java:94)
	at test.java.NativeExe.testDevices(NativeExe.java:134)
	at sun.reflect.NativeMethodAccessorImpl.invoke0(Native Method)
	at sun.reflect.NativeMethodAccessorImpl.invoke(NativeMethodAccessorImpl.java:62)
	at sun.reflect.DelegatingMethodAccessorImpl.invoke(DelegatingMethodAccessorImpl.java:43)
	at java.lang.reflect.Method.invoke(Method.java:497)
	at org.testng.internal.MethodInvocationHelper.invokeMethod(MethodInvocationHelper.java:84)
	at org.testng.internal.Invoker.invokeMethod(Invoker.java:714)
	at org.testng.internal.Invoker.invokeTestMethod(Invoker.java:901)
	at org.testng.internal.TestMethodWithDataProviderMethodWorker.call(TestMethodWithDataProviderMethodWorker.java:73)
	at org.testng.internal.TestMethodWithDataProviderMethodWorker.call(TestMethodWithDataProviderMethodWorker.java:14)
	at java.util.concurrent.FutureTask.run(FutureTask.java:266)
	at java.util.concurrent.Executors$RunnableAdapter.call(Executors.java:511)
	at java.util.concurrent.FutureTask.run(FutureTask.java:266)
	at java.util.concurrent.ThreadPoolExecutor.runWorker(ThreadPoolExecutor.java:1142)
	at java.util.concurrent.ThreadPoolExecutor$Worker.run(ThreadPoolExecutor.java:617)
	at java.lang.Thread.run(Thread.java:745)
]]>
            </full-stacktrace>
          </exception> <!-- java.lang.AssertionError -->
          <reporter-output>
          </reporter-output>
        </test-method> <!-- testDevices -->
        <test-method status="PASS" signature="testDevices(java.lang.String, java.lang.String, java.lang.String, java.lang.String, java.lang.String)[pri:0, instance:test.java.NativeExe@28864e92]" name="testDevices" duration-ms="64322" started-at="2015-12-23T13:10:49Z" data-provider="Devices" finished-at="2015-12-23T13:11:53Z">
          <params>
            <param index="0">
              <value>
                <![CDATA[Android]]>
              </value>
            </param>
            <param index="1">
              <value>
                <![CDATA[com.bloomfire.android.perfecto]]>
              </value>
            </param>
            <param index="2">
              <value>
                <![CDATA[02157DF2AC2D7520]]>
              </value>
            </param>
            <param index="3">
              <value is-null="true"/>
            </param>
            <param index="4">
              <value>
                <![CDATA[PUBLIC:PMcommunity\Bloomfire-perfecto-release.apk]]>
              </value>
            </param>
          </params>
          <reporter-output>
          </reporter-output>
        </test-method> <!-- testDevices -->
        <test-method status="FAIL" signature="testDevices(java.lang.String, java.lang.String, java.lang.String, java.lang.String, java.lang.String)[pri:0, instance:test.java.NativeExe@28864e92]" name="testDevices" duration-ms="569" started-at="2015-12-23T13:11:46Z" data-provider="Devices" finished-at="2015-12-23T13:11:47Z">
          <params>
            <param index="0">
              <value>
                <![CDATA[ios]]>
              </value>
            </param>
            <param index="1">
              <value>
                <![CDATA[com.bloomfire.enterprise.perfecto]]>
              </value>
            </param>
            <param index="2">
              <value>
                <![CDATA[CB1BF44CFEB5C6E1DC52FBC21973B76517820ED3]]>
              </value>
            </param>
            <param index="3">
              <value is-null="true"/>
            </param>
            <param index="4">
              <value>
                <![CDATA[PUBLIC:PMcommunity\perfecto-enterprise-2.11(20151117.1).ipa]]>
              </value>
            </param>
          </params>
          <exception class="java.lang.AssertionError">
            <message>
              <![CDATA[Test Ended with error]]>
            </message>
            <full-stacktrace>
              <![CDATA[java.lang.AssertionError: Test Ended with error
	at org.testng.Assert.fail(Assert.java:94)
	at test.java.NativeExe.testDevices(NativeExe.java:134)
	at sun.reflect.NativeMethodAccessorImpl.invoke0(Native Method)
	at sun.reflect.NativeMethodAccessorImpl.invoke(NativeMethodAccessorImpl.java:62)
	at sun.reflect.DelegatingMethodAccessorImpl.invoke(DelegatingMethodAccessorImpl.java:43)
	at java.lang.reflect.Method.invoke(Method.java:497)
	at org.testng.internal.MethodInvocationHelper.invokeMethod(MethodInvocationHelper.java:84)
	at org.testng.internal.Invoker.invokeMethod(Invoker.java:714)
	at org.testng.internal.Invoker.invokeTestMethod(Invoker.java:901)
	at org.testng.internal.TestMethodWithDataProviderMethodWorker.call(TestMethodWithDataProviderMethodWorker.java:73)
	at org.testng.internal.TestMethodWithDataProviderMethodWorker.call(TestMethodWithDataProviderMethodWorker.java:14)
	at java.util.concurrent.FutureTask.run(FutureTask.java:266)
	at java.util.concurrent.Executors$RunnableAdapter.call(Executors.java:511)
	at java.util.concurrent.FutureTask.run(FutureTask.java:266)
	at java.util.concurrent.ThreadPoolExecutor.runWorker(ThreadPoolExecutor.java:1142)
	at java.util.concurrent.ThreadPoolExecutor$Worker.run(ThreadPoolExecutor.java:617)
	at java.lang.Thread.run(Thread.java:745)
]]>
            </full-stacktrace>
          </exception> <!-- java.lang.AssertionError -->
          <reporter-output>
          </reporter-output>
        </test-method> <!-- testDevices -->
        <test-method status="FAIL" signature="testDevices(java.lang.String, java.lang.String, java.lang.String, java.lang.String, java.lang.String)[pri:0, instance:test.java.NativeExe@28864e92]" name="testDevices" duration-ms="163921" started-at="2015-12-23T13:11:47Z" data-provider="Devices" finished-at="2015-12-23T13:14:31Z">
          <params>
            <param index="0">
              <value>
                <![CDATA[ios]]>
              </value>
            </param>
            <param index="1">
              <value>
                <![CDATA[com.bloomfire.enterprise.perfecto]]>
              </value>
            </param>
            <param index="2">
              <value>
                <![CDATA[6C8E27EB5B619CC743ADE9578163063A54642DB7]]>
              </value>
            </param>
            <param index="3">
              <value is-null="true"/>
            </param>
            <param index="4">
              <value>
                <![CDATA[PUBLIC:PMcommunity\perfecto-enterprise-2.11(20151117.1).ipa]]>
              </value>
            </param>
          </params>
          <exception class="java.lang.AssertionError">
            <message>
              <![CDATA[Test Ended with error]]>
            </message>
            <full-stacktrace>
              <![CDATA[java.lang.AssertionError: Test Ended with error
	at org.testng.Assert.fail(Assert.java:94)
	at test.java.NativeExe.testDevices(NativeExe.java:134)
	at sun.reflect.NativeMethodAccessorImpl.invoke0(Native Method)
	at sun.reflect.NativeMethodAccessorImpl.invoke(NativeMethodAccessorImpl.java:62)
	at sun.reflect.DelegatingMethodAccessorImpl.invoke(DelegatingMethodAccessorImpl.java:43)
	at java.lang.reflect.Method.invoke(Method.java:497)
	at org.testng.internal.MethodInvocationHelper.invokeMethod(MethodInvocationHelper.java:84)
	at org.testng.internal.Invoker.invokeMethod(Invoker.java:714)
	at org.testng.internal.Invoker.invokeTestMethod(Invoker.java:901)
	at org.testng.internal.TestMethodWithDataProviderMethodWorker.call(TestMethodWithDataProviderMethodWorker.java:73)
	at org.testng.internal.TestMethodWithDataProviderMethodWorker.call(TestMethodWithDataProviderMethodWorker.java:14)
	at java.util.concurrent.FutureTask.run(FutureTask.java:266)
	at java.util.concurrent.Executors$RunnableAdapter.call(Executors.java:511)
	at java.util.concurrent.FutureTask.run(FutureTask.java:266)
	at java.util.concurrent.ThreadPoolExecutor.runWorker(ThreadPoolExecutor.java:1142)
	at java.util.concurrent.ThreadPoolExecutor$Worker.run(ThreadPoolExecutor.java:617)
	at java.lang.Thread.run(Thread.java:745)
]]>
            </full-stacktrace>
          </exception> <!-- java.lang.AssertionError -->
          <reporter-output>
          </reporter-output>
        </test-method> <!-- testDevices -->
        <test-method status="PASS" signature="testDevices(java.lang.String, java.lang.String, java.lang.String, java.lang.String, java.lang.String)[pri:0, instance:test.java.NativeExe@28864e92]" name="testDevices" duration-ms="123555" started-at="2015-12-23T13:11:47Z" data-provider="Devices" finished-at="2015-12-23T13:13:51Z">
          <params>
            <param index="0">
              <value>
                <![CDATA[ios]]>
              </value>
            </param>
            <param index="1">
              <value>
                <![CDATA[com.bloomfire.enterprise.perfecto]]>
              </value>
            </param>
            <param index="2">
              <value>
                <![CDATA[2A56E99775698D2F1BABD7C1F9D57CA06AF0C7F6]]>
              </value>
            </param>
            <param index="3">
              <value is-null="true"/>
            </param>
            <param index="4">
              <value>
                <![CDATA[PUBLIC:PMcommunity\perfecto-enterprise-2.11(20151117.1).ipa]]>
              </value>
            </param>
          </params>
          <reporter-output>
          </reporter-output>
        </test-method> <!-- testDevices -->
        <test-method status="PASS" signature="testDevices(java.lang.String, java.lang.String, java.lang.String, java.lang.String, java.lang.String)[pri:0, instance:test.java.NativeExe@28864e92]" name="testDevices" duration-ms="70005" started-at="2015-12-23T13:11:47Z" data-provider="Devices" finished-at="2015-12-23T13:12:57Z">
          <params>
            <param index="0">
              <value>
                <![CDATA[Android]]>
              </value>
            </param>
            <param index="1">
              <value>
                <![CDATA[com.bloomfire.android.perfecto]]>
              </value>
            </param>
            <param index="2">
              <value>
                <![CDATA[30E9D3E3]]>
              </value>
            </param>
            <param index="3">
              <value is-null="true"/>
            </param>
            <param index="4">
              <value>
                <![CDATA[PUBLIC:PMcommunity\Bloomfire-perfecto-release.apk]]>
              </value>
            </param>
          </params>
          <reporter-output>
          </reporter-output>
        </test-method> <!-- testDevices -->
        <test-method status="FAIL" signature="testDevices(java.lang.String, java.lang.String, java.lang.String, java.lang.String, java.lang.String)[pri:0, instance:test.java.NativeExe@28864e92]" name="testDevices" duration-ms="95616" started-at="2015-12-23T13:11:51Z" data-provider="Devices" finished-at="2015-12-23T13:13:27Z">
          <params>
            <param index="0">
              <value>
                <![CDATA[Android]]>
              </value>
            </param>
            <param index="1">
              <value>
                <![CDATA[com.bloomfire.android.perfecto]]>
              </value>
            </param>
            <param index="2">
              <value>
                <![CDATA[1E674EB8]]>
              </value>
            </param>
            <param index="3">
              <value is-null="true"/>
            </param>
            <param index="4">
              <value>
                <![CDATA[PUBLIC:PMcommunity\Bloomfire-perfecto-release.apk]]>
              </value>
            </param>
          </params>
          <exception class="java.lang.AssertionError">
            <message>
              <![CDATA[Test Ended with error]]>
            </message>
            <full-stacktrace>
              <![CDATA[java.lang.AssertionError: Test Ended with error
	at org.testng.Assert.fail(Assert.java:94)
	at test.java.NativeExe.testDevices(NativeExe.java:134)
	at sun.reflect.NativeMethodAccessorImpl.invoke0(Native Method)
	at sun.reflect.NativeMethodAccessorImpl.invoke(NativeMethodAccessorImpl.java:62)
	at sun.reflect.DelegatingMethodAccessorImpl.invoke(DelegatingMethodAccessorImpl.java:43)
	at java.lang.reflect.Method.invoke(Method.java:497)
	at org.testng.internal.MethodInvocationHelper.invokeMethod(MethodInvocationHelper.java:84)
	at org.testng.internal.Invoker.invokeMethod(Invoker.java:714)
	at org.testng.internal.Invoker.invokeTestMethod(Invoker.java:901)
	at org.testng.internal.TestMethodWithDataProviderMethodWorker.call(TestMethodWithDataProviderMethodWorker.java:73)
	at org.testng.internal.TestMethodWithDataProviderMethodWorker.call(TestMethodWithDataProviderMethodWorker.java:14)
	at java.util.concurrent.FutureTask.run(FutureTask.java:266)
	at java.util.concurrent.Executors$RunnableAdapter.call(Executors.java:511)
	at java.util.concurrent.FutureTask.run(FutureTask.java:266)
	at java.util.concurrent.ThreadPoolExecutor.runWorker(ThreadPoolExecutor.java:1142)
	at java.util.concurrent.ThreadPoolExecutor$Worker.run(ThreadPoolExecutor.java:617)
	at java.lang.Thread.run(Thread.java:745)
]]>
            </full-stacktrace>
          </exception> <!-- java.lang.AssertionError -->
          <reporter-output>
          </reporter-output>
        </test-method> <!-- testDevices -->
        <test-method status="PASS" signature="testDevices(java.lang.String, java.lang.String, java.lang.String, java.lang.String, java.lang.String)[pri:0, instance:test.java.NativeExe@28864e92]" name="testDevices" duration-ms="138955" started-at="2015-12-23T13:11:52Z" data-provider="Devices" finished-at="2015-12-23T13:14:11Z">
          <params>
            <param index="0">
              <value>
                <![CDATA[ios]]>
              </value>
            </param>
            <param index="1">
              <value>
                <![CDATA[com.bloomfire.enterprise.perfecto]]>
              </value>
            </param>
            <param index="2">
              <value>
                <![CDATA[95E0EEA907ECC690914C7ABE68786B3EDE4343DF]]>
              </value>
            </param>
            <param index="3">
              <value is-null="true"/>
            </param>
            <param index="4">
              <value>
                <![CDATA[PUBLIC:PMcommunity\perfecto-enterprise-2.11(20151117.1).ipa]]>
              </value>
            </param>
          </params>
          <reporter-output>
          </reporter-output>
        </test-method> <!-- testDevices -->
        <test-method status="PASS" signature="testDevices(java.lang.String, java.lang.String, java.lang.String, java.lang.String, java.lang.String)[pri:0, instance:test.java.NativeExe@28864e92]" name="testDevices" duration-ms="130197" started-at="2015-12-23T13:11:53Z" data-provider="Devices" finished-at="2015-12-23T13:14:03Z">
          <params>
            <param index="0">
              <value>
                <![CDATA[ios]]>
              </value>
            </param>
            <param index="1">
              <value>
                <![CDATA[com.bloomfire.enterprise.perfecto]]>
              </value>
            </param>
            <param index="2">
              <value>
                <![CDATA[C37BAE1934AE7DD0AE3355F77146C7A65579CAA3]]>
              </value>
            </param>
            <param index="3">
              <value is-null="true"/>
            </param>
            <param index="4">
              <value>
                <![CDATA[PUBLIC:PMcommunity\perfecto-enterprise-2.11(20151117.1).ipa]]>
              </value>
            </param>
          </params>
          <reporter-output>
          </reporter-output>
        </test-method> <!-- testDevices -->
        <test-method status="PASS" signature="testDevices(java.lang.String, java.lang.String, java.lang.String, java.lang.String, java.lang.String)[pri:0, instance:test.java.NativeExe@28864e92]" name="testDevices" duration-ms="130794" started-at="2015-12-23T13:11:57Z" data-provider="Devices" finished-at="2015-12-23T13:14:07Z">
          <params>
            <param index="0">
              <value>
                <![CDATA[ios]]>
              </value>
            </param>
            <param index="1">
              <value>
                <![CDATA[com.bloomfire.enterprise.perfecto]]>
              </value>
            </param>
            <param index="2">
              <value>
                <![CDATA[21FA87D12F5451B436E9918C6FA1800918696394]]>
              </value>
            </param>
            <param index="3">
              <value is-null="true"/>
            </param>
            <param index="4">
              <value>
                <![CDATA[PUBLIC:PMcommunity\perfecto-enterprise-2.11(20151117.1).ipa]]>
              </value>
            </param>
          </params>
          <reporter-output>
          </reporter-output>
        </test-method> <!-- testDevices -->
        <test-method status="PASS" signature="testDevices(java.lang.String, java.lang.String, java.lang.String, java.lang.String, java.lang.String)[pri:0, instance:test.java.NativeExe@28864e92]" name="testDevices" duration-ms="116390" started-at="2015-12-23T13:12:08Z" data-provider="Devices" finished-at="2015-12-23T13:14:04Z">
          <params>
            <param index="0">
              <value>
                <![CDATA[Android]]>
              </value>
            </param>
            <param index="1">
              <value>
                <![CDATA[com.bloomfire.android.perfecto]]>
              </value>
            </param>
            <param index="2">
              <value>
                <![CDATA[03157DF35175BE01]]>
              </value>
            </param>
            <param index="3">
              <value is-null="true"/>
            </param>
            <param index="4">
              <value>
                <![CDATA[PUBLIC:PMcommunity\Bloomfire-perfecto-release.apk]]>
              </value>
            </param>
          </params>
          <reporter-output>
          </reporter-output>
        </test-method> <!-- testDevices -->
        <test-method status="FAIL" signature="testDevices(java.lang.String, java.lang.String, java.lang.String, java.lang.String, java.lang.String)[pri:0, instance:test.java.NativeExe@28864e92]" name="testDevices" duration-ms="198055" started-at="2015-12-23T13:12:57Z" data-provider="Devices" finished-at="2015-12-23T13:16:15Z">
          <params>
            <param index="0">
              <value>
                <![CDATA[ios]]>
              </value>
            </param>
            <param index="1">
              <value>
                <![CDATA[com.bloomfire.enterprise.perfecto]]>
              </value>
            </param>
            <param index="2">
              <value>
                <![CDATA[A7493312BB4627B1F1D79F6426581A84AE273F9C]]>
              </value>
            </param>
            <param index="3">
              <value is-null="true"/>
            </param>
            <param index="4">
              <value>
                <![CDATA[PUBLIC:PMcommunity\perfecto-enterprise-2.11(20151117.1).ipa]]>
              </value>
            </param>
          </params>
          <exception class="java.lang.AssertionError">
            <message>
              <![CDATA[Test Ended with error]]>
            </message>
            <full-stacktrace>
              <![CDATA[java.lang.AssertionError: Test Ended with error
	at org.testng.Assert.fail(Assert.java:94)
	at test.java.NativeExe.testDevices(NativeExe.java:134)
	at sun.reflect.GeneratedMethodAccessor2.invoke(Unknown Source)
	at sun.reflect.DelegatingMethodAccessorImpl.invoke(DelegatingMethodAccessorImpl.java:43)
	at java.lang.reflect.Method.invoke(Method.java:497)
	at org.testng.internal.MethodInvocationHelper.invokeMethod(MethodInvocationHelper.java:84)
	at org.testng.internal.Invoker.invokeMethod(Invoker.java:714)
	at org.testng.internal.Invoker.invokeTestMethod(Invoker.java:901)
	at org.testng.internal.TestMethodWithDataProviderMethodWorker.call(TestMethodWithDataProviderMethodWorker.java:73)
	at org.testng.internal.TestMethodWithDataProviderMethodWorker.call(TestMethodWithDataProviderMethodWorker.java:14)
	at java.util.concurrent.FutureTask.run(FutureTask.java:266)
	at java.util.concurrent.Executors$RunnableAdapter.call(Executors.java:511)
	at java.util.concurrent.FutureTask.run(FutureTask.java:266)
	at java.util.concurrent.ThreadPoolExecutor.runWorker(ThreadPoolExecutor.java:1142)
	at java.util.concurrent.ThreadPoolExecutor$Worker.run(ThreadPoolExecutor.java:617)
	at java.lang.Thread.run(Thread.java:745)
]]>
            </full-stacktrace>
          </exception> <!-- java.lang.AssertionError -->
          <reporter-output>
          </reporter-output>
        </test-method> <!-- testDevices -->
        <test-method status="PASS" signature="testDevices(java.lang.String, java.lang.String, java.lang.String, java.lang.String, java.lang.String)[pri:0, instance:test.java.NativeExe@28864e92]" name="testDevices" duration-ms="74579" started-at="2015-12-23T13:12:58Z" data-provider="Devices" finished-at="2015-12-23T13:14:12Z">
          <params>
            <param index="0">
              <value>
                <![CDATA[Android]]>
              </value>
            </param>
            <param index="1">
              <value>
                <![CDATA[com.bloomfire.android.perfecto]]>
              </value>
            </param>
            <param index="2">
              <value>
                <![CDATA[5CDCB21A]]>
              </value>
            </param>
            <param index="3">
              <value is-null="true"/>
            </param>
            <param index="4">
              <value>
                <![CDATA[PUBLIC:PMcommunity\Bloomfire-perfecto-release.apk]]>
              </value>
            </param>
          </params>
          <reporter-output>
          </reporter-output>
        </test-method> <!-- testDevices -->
        <test-method status="PASS" signature="testDevices(java.lang.String, java.lang.String, java.lang.String, java.lang.String, java.lang.String)[pri:0, instance:test.java.NativeExe@28864e92]" name="testDevices" duration-ms="62694" started-at="2015-12-23T13:12:59Z" data-provider="Devices" finished-at="2015-12-23T13:14:02Z">
          <params>
            <param index="0">
              <value>
                <![CDATA[Android]]>
              </value>
            </param>
            <param index="1">
              <value>
                <![CDATA[com.bloomfire.android.perfecto]]>
              </value>
            </param>
            <param index="2">
              <value>
                <![CDATA[DBBABA52]]>
              </value>
            </param>
            <param index="3">
              <value is-null="true"/>
            </param>
            <param index="4">
              <value>
                <![CDATA[PUBLIC:PMcommunity\Bloomfire-perfecto-release.apk]]>
              </value>
            </param>
          </params>
          <reporter-output>
          </reporter-output>
        </test-method> <!-- testDevices -->
        <test-method status="PASS" signature="AfterSuite()[pri:0, instance:test.java.NativeExe@28864e92]" name="AfterSuite" is-config="true" duration-ms="1" started-at="2015-12-23T13:16:15Z" finished-at="2015-12-23T13:16:15Z">
          <reporter-output>
          </reporter-output>
        </test-method> <!-- AfterSuite -->
      </class> <!-- test.java.NativeExe -->
    </test> <!-- myTest -->
  </suite> <!-- testList -->
</testng-results>
